d:\repos\2024 jusin\6개월\13일차_모델2 (7)\client\default\x64\release\client.pch
d:\repos\2024 jusin\6개월\13일차_모델2 (7)\client\default\x64\release\vc143.pdb
d:\repos\2024 jusin\6개월\13일차_모델2 (7)\client\default\x64\release\stdafx.obj
d:\repos\2024 jusin\6개월\13일차_모델2 (7)\client\default\x64\release\effect_bulletcrater.obj
d:\repos\2024 jusin\6개월\13일차_모델2 (7)\client\default\x64\release\effect_bombblow.obj
d:\repos\2024 jusin\6개월\13일차_모델2 (7)\client\default\x64\release\effect_bloodhit.obj
d:\repos\2024 jusin\6개월\13일차_모델2 (7)\client\default\x64\release\effect_blast.obj
d:\repos\2024 jusin\6개월\13일차_모델2 (7)\client\default\x64\release\door.obj
d:\repos\2024 jusin\6개월\13일차_모델2 (7)\client\default\x64\release\defaultmutant.obj
d:\repos\2024 jusin\6개월\13일차_모델2 (7)\client\default\x64\release\cyborgenforcer.obj
d:\repos\2024 jusin\6개월\13일차_모델2 (7)\client\default\x64\release\cyborgelite.obj
d:\repos\2024 jusin\6개월\13일차_모델2 (7)\client\default\x64\release\cyborgassassin.obj
d:\repos\2024 jusin\6개월\13일차_모델2 (7)\client\default\x64\release\cortexreaver.obj
d:\repos\2024 jusin\6개월\13일차_모델2 (7)\client\default\x64\release\card.obj
d:\repos\2024 jusin\6개월\13일차_모델2 (7)\client\default\x64\release\button.obj
d:\repos\2024 jusin\6개월\13일차_모델2 (7)\client\default\x64\release\bullet.obj
d:\repos\2024 jusin\6개월\13일차_모델2 (7)\client\default\x64\release\ammunition.obj
d:\repos\2024 jusin\6개월\13일차_모델2 (7)\client\default\x64\release\body_player.obj
d:\repos\2024 jusin\6개월\13일차_모델2 (7)\client\default\x64\release\background.obj
d:\repos\2024 jusin\6개월\13일차_모델2 (7)\client\default\x64\release\assaultrifle.obj
d:\repos\2024 jusin\6개월\13일차_모델2 (7)\client\default\x64\release\animationtext.obj
d:\repos\2024 jusin\6개월\13일차_모델2 (7)\client\default\x64\release\ammunitionpack.obj
d:\repos\2024 jusin\6개월\13일차_모델2 (7)\client\default\x64\release\alarmlight.obj
d:\repos\2024 jusin\6개월\13일차_모델2 (7)\client\default\x64\release\mainapp.obj
d:\repos\2024 jusin\6개월\13일차_모델2 (7)\client\default\x64\release\loader.obj
d:\repos\2024 jusin\6개월\13일차_모델2 (7)\client\default\x64\release\level_logo.obj
d:\repos\2024 jusin\6개월\13일차_모델2 (7)\client\default\x64\release\level_loading.obj
d:\repos\2024 jusin\6개월\13일차_모델2 (7)\client\default\x64\release\level_gameplay.obj
d:\repos\2024 jusin\6개월\13일차_모델2 (7)\client\default\x64\release\item.obj
d:\repos\2024 jusin\6개월\13일차_모델2 (7)\client\default\x64\release\inventory.obj
d:\repos\2024 jusin\6개월\13일차_모델2 (7)\client\default\x64\release\interactives.obj
d:\repos\2024 jusin\6개월\13일차_모델2 (7)\client\default\x64\release\grenade.obj
d:\repos\2024 jusin\6개월\13일차_모델2 (7)\client\default\x64\release\freecamera.obj
d:\repos\2024 jusin\6개월\13일차_모델2 (7)\client\default\x64\release\fps_arm.obj
d:\repos\2024 jusin\6개월\13일차_모델2 (7)\client\default\x64\release\fpsplayer.obj
d:\repos\2024 jusin\6개월\13일차_모델2 (7)\client\default\x64\release\fpscamera.obj
d:\repos\2024 jusin\6개월\13일차_모델2 (7)\client\default\x64\release\fireball.obj
d:\repos\2024 jusin\6개월\13일차_모델2 (7)\client\default\x64\release\elevatorui.obj
d:\repos\2024 jusin\6개월\13일차_모델2 (7)\client\default\x64\release\elevator.obj
d:\repos\2024 jusin\6개월\13일차_모델2 (7)\client\default\x64\release\effect_muzzle_flame.obj
d:\repos\2024 jusin\6개월\13일차_모델2 (7)\client\default\x64\release\effect_muzzle.obj
d:\repos\2024 jusin\6개월\13일차_모델2 (7)\client\default\x64\release\effect_gunfire.obj
d:\repos\2024 jusin\6개월\13일차_모델2 (7)\client\default\x64\release\effect_bullethit.obj
d:\repos\2024 jusin\6개월\13일차_모델2 (7)\client\default\x64\release\ui_bullets.obj
d:\repos\2024 jusin\6개월\13일차_모델2 (7)\client\default\x64\release\tileobject.obj
d:\repos\2024 jusin\6개월\13일차_모델2 (7)\client\default\x64\release\tilemanager.obj
d:\repos\2024 jusin\6개월\13일차_모델2 (7)\client\default\x64\release\thunder.obj
d:\repos\2024 jusin\6개월\13일차_모델2 (7)\client\default\x64\release\terrain.obj
d:\repos\2024 jusin\6개월\13일차_모델2 (7)\client\default\x64\release\sword.obj
d:\repos\2024 jusin\6개월\13일차_모델2 (7)\client\default\x64\release\soundmgr.obj
d:\repos\2024 jusin\6개월\13일차_모델2 (7)\client\default\x64\release\rocketpack.obj
d:\repos\2024 jusin\6개월\13일차_모델2 (7)\client\default\x64\release\rocketlauncher.obj
d:\repos\2024 jusin\6개월\13일차_모델2 (7)\client\default\x64\release\rocket.obj
d:\repos\2024 jusin\6개월\13일차_모델2 (7)\client\default\x64\release\riflebulletpack.obj
d:\repos\2024 jusin\6개월\13일차_모델2 (7)\client\default\x64\release\respawnchamber.obj
d:\repos\2024 jusin\6개월\13일차_모델2 (7)\client\default\x64\release\player.obj
d:\repos\2024 jusin\6개월\13일차_모델2 (7)\client\default\x64\release\pistolbulletpack.obj
d:\repos\2024 jusin\6개월\13일차_모델2 (7)\client\default\x64\release\pistol.obj
d:\repos\2024 jusin\6개월\13일차_모델2 (7)\client\default\x64\release\pipe.obj
d:\repos\2024 jusin\6개월\13일차_모델2 (7)\client\default\x64\release\particle_snow.obj
d:\repos\2024 jusin\6개월\13일차_모델2 (7)\client\default\x64\release\particle_bossscrew_short.obj
d:\repos\2024 jusin\6개월\13일차_모델2 (7)\client\default\x64\release\particle_bossscrew.obj
d:\repos\2024 jusin\6개월\13일차_모델2 (7)\client\default\x64\release\monster.obj
d:\repos\2024 jusin\6개월\13일차_모델2 (7)\client\default\x64\release\client.obj
d:\repos\2024 jusin\6개월\13일차_모델2 (7)\client\default\x64\release\effect_enemygunfire.obj
d:\repos\2024 jusin\6개월\13일차_모델2 (7)\client\default\x64\release\weapon.obj
d:\repos\2024 jusin\6개월\13일차_모델2 (7)\client\default\x64\release\unitobject.obj
d:\repos\2024 jusin\6개월\13일차_모델2 (7)\client\default\x64\release\ui_item.obj
d:\repos\2024 jusin\6개월\13일차_모델2 (7)\client\default\x64\release\ui_invenslot.obj
d:\repos\2024 jusin\6개월\13일차_모델2 (7)\client\default\x64\release\ui_info.obj
d:\repos\2024 jusin\6개월\13일차_모델2 (7)\client\default\x64\release\ui_healthbar.obj
d:\repos\2024 jusin\6개월\13일차_모델2 (7)\client\default\x64\release\ui_crosshair.obj
d:\repos\2024 jusin\6개월\13일차_모델2 (7)\client\bin\shader_vtxanimmodel.cso
d:\repos\2024 jusin\6개월\13일차_모델2 (7)\client\bin\shader_vtxmeshinstance.cso
d:\repos\2024 jusin\6개월\13일차_모델2 (7)\client\bin\shader_vtxmodel.cso
d:\repos\2024 jusin\6개월\13일차_모델2 (7)\client\bin\shader_vtxnortex.cso
d:\repos\2024 jusin\6개월\13일차_모델2 (7)\client\bin\shader_vtxpointinstance.cso
d:\repos\2024 jusin\6개월\13일차_모델2 (7)\client\bin\shader_vtxposnortex.cso
d:\repos\2024 jusin\6개월\13일차_모델2 (7)\client\bin\shader_vtxpostex.cso
d:\repos\2024 jusin\6개월\13일차_모델2 (7)\client\bin\shader_vtxrectinstance.cso
d:\repos\2024 jusin\6개월\13일차_모델2 (7)\client\bin\client.exe
d:\repos\2024 jusin\6개월\13일차_모델2 (7)\client\bin\client.pdb
d:\repos\2024 jusin\6개월\13일차_모델2 (7)\client\default\x64\release\client.res
d:\repos\2024 jusin\6개월\13일차_모델2 (7)\client\default\x64\release\client.ipdb
d:\repos\2024 jusin\6개월\13일차_모델2 (7)\client\default\x64\release\client.iobj
d:\repos\2024 jusin\6개월\13일차_모델2 (7)\client\default\x64\release\client.tlog\cl.command.1.tlog
d:\repos\2024 jusin\6개월\13일차_모델2 (7)\client\default\x64\release\client.tlog\cl.items.tlog
d:\repos\2024 jusin\6개월\13일차_모델2 (7)\client\default\x64\release\client.tlog\cl.read.1.tlog
d:\repos\2024 jusin\6개월\13일차_모델2 (7)\client\default\x64\release\client.tlog\cl.write.1.tlog
d:\repos\2024 jusin\6개월\13일차_모델2 (7)\client\default\x64\release\client.tlog\fxc.command.1.tlog
d:\repos\2024 jusin\6개월\13일차_모델2 (7)\client\default\x64\release\client.tlog\fxc.read.1.tlog
d:\repos\2024 jusin\6개월\13일차_모델2 (7)\client\default\x64\release\client.tlog\fxc.write.1.tlog
d:\repos\2024 jusin\6개월\13일차_모델2 (7)\client\default\x64\release\client.tlog\link.command.1.tlog
d:\repos\2024 jusin\6개월\13일차_모델2 (7)\client\default\x64\release\client.tlog\link.read.1.tlog
d:\repos\2024 jusin\6개월\13일차_모델2 (7)\client\default\x64\release\client.tlog\link.secondary.1.tlog
d:\repos\2024 jusin\6개월\13일차_모델2 (7)\client\default\x64\release\client.tlog\link.write.1.tlog
d:\repos\2024 jusin\6개월\13일차_모델2 (7)\client\default\x64\release\client.tlog\rc.command.1.tlog
d:\repos\2024 jusin\6개월\13일차_모델2 (7)\client\default\x64\release\client.tlog\rc.read.1.tlog
d:\repos\2024 jusin\6개월\13일차_모델2 (7)\client\default\x64\release\client.tlog\rc.write.1.tlog
