  Ammunition.cpp
  AmmunitionPack.cpp
  AnimationText.cpp
D:\repos\2024 Jusin\6개월\13일차_모델2 (7)\Client\Private\AnimationText.cpp(73,46): warning C4305: '인수': 'unsigned int'에서 'Engine::_ubyte'(으)로 잘립니다.
D:\repos\2024 Jusin\6개월\13일차_모델2 (7)\Client\Private\AnimationText.cpp(73,46): warning C4309: '인수': 상수 값이 잘립니다.
D:\repos\2024 Jusin\6개월\13일차_모델2 (7)\Client\Private\AnimationText.cpp(91,57): warning C4267: '=': 'size_t'에서 'Engine::_uint'(으)로 변환하면서 데이터가 손실될 수 있습니다.
  AssaultRifle.cpp
  Body_Player.cpp
D:\repos\2024 Jusin\6개월\13일차_모델2 (7)\Client\Private\Body_Player.cpp(75,71): warning C4267: '인수': 'size_t'에서 'Engine::_uint'(으)로 변환하면서 데이터가 손실될 수 있습니다.
D:\repos\2024 Jusin\6개월\13일차_모델2 (7)\Client\Private\Body_Player.cpp(77,7): warning C4267: '인수': 'size_t'에서 'Engine::_uint'(으)로 변환하면서 데이터가 손실될 수 있습니다.
D:\repos\2024 Jusin\6개월\13일차_모델2 (7)\Client\Private\Body_Player.cpp(85,7): warning C4267: '인수': 'size_t'에서 'Engine::_uint'(으)로 변환하면서 데이터가 손실될 수 있습니다.
  Bullet.cpp
  Button.cpp
D:\repos\2024 Jusin\6개월\13일차_모델2 (7)\Client\Private\Button.cpp(46,97): warning C4244: '인수': 'Engine::_float'에서 'int'(으)로 변환하면서 데이터가 손실될 수 있습니다.
D:\repos\2024 Jusin\6개월\13일차_모델2 (7)\Client\Private\Button.cpp(46,73): warning C4244: '인수': 'Engine::_float'에서 'int'(으)로 변환하면서 데이터가 손실될 수 있습니다.
D:\repos\2024 Jusin\6개월\13일차_모델2 (7)\Client\Private\Button.cpp(46,49): warning C4244: '인수': 'Engine::_float'에서 'int'(으)로 변환하면서 데이터가 손실될 수 있습니다.
D:\repos\2024 Jusin\6개월\13일차_모델2 (7)\Client\Private\Button.cpp(46,25): warning C4244: '인수': 'Engine::_float'에서 'int'(으)로 변환하면서 데이터가 손실될 수 있습니다.
  Card.cpp
  CortexReaver.cpp
  CyborgAssassin.cpp
D:\repos\2024 Jusin\6개월\13일차_모델2 (7)\Client\Private\CyborgAssassin.cpp(239,20): warning C4244: '=': 'float'에서 'Engine::_int'(으)로 변환하면서 데이터가 손실될 수 있습니다.
  CyborgElite.cpp
  CyborgEnforcer.cpp
  DefaultMutant.cpp
D:\repos\2024 Jusin\6개월\13일차_모델2 (7)\Client\Private\DefaultMutant.cpp(532,60): warning C4305: '인수': 'float'에서 'Engine::_bool'(으)로 잘립니다.
  Door.cpp
  Effect_Blast.cpp
  Effect_BloodHit.cpp
  Effect_BombBlow.cpp
  Effect_BulletCrater.cpp
  Effect_BulletHit.cpp
  Effect_GunFire.cpp
  컴파일하고 있습니다...
  Effect_Muzzle.cpp
  Effect_Muzzle_Flame.cpp
  Elevator.cpp
  ElevatorUI.cpp
  FPSCamera.cpp
  FPSPlayer.cpp
D:\repos\2024 Jusin\6개월\13일차_모델2 (7)\Client\Private\FPSPlayer.cpp(209,53): warning C4267: '인수': 'size_t'에서 'Engine::_ubyte'(으)로 변환하면서 데이터가 손실될 수 있습니다.
  FPS_Arm.cpp
D:\repos\2024 Jusin\6개월\13일차_모델2 (7)\Client\Private\FPS_Arm.cpp(94,71): warning C4267: '인수': 'size_t'에서 'Engine::_uint'(으)로 변환하면서 데이터가 손실될 수 있습니다.
D:\repos\2024 Jusin\6개월\13일차_모델2 (7)\Client\Private\FPS_Arm.cpp(96,7): warning C4267: '인수': 'size_t'에서 'Engine::_uint'(으)로 변환하면서 데이터가 손실될 수 있습니다.
D:\repos\2024 Jusin\6개월\13일차_모델2 (7)\Client\Private\FPS_Arm.cpp(99,7): warning C4267: '인수': 'size_t'에서 'Engine::_uint'(으)로 변환하면서 데이터가 손실될 수 있습니다.
D:\repos\2024 Jusin\6개월\13일차_모델2 (7)\Client\Private\FPS_Arm.cpp(105,7): warning C4267: '인수': 'size_t'에서 'Engine::_uint'(으)로 변환하면서 데이터가 손실될 수 있습니다.
  Fireball.cpp
  Grenade.cpp
  Interactives.cpp
D:\repos\2024 Jusin\6개월\13일차_모델2 (7)\Client\Private\Interactives.cpp(56,13): warning C4267: '인수': 'size_t'에서 'Engine::_uint'(으)로 변환하면서 데이터가 손실될 수 있습니다.
D:\repos\2024 Jusin\6개월\13일차_모델2 (7)\Client\Private\Interactives.cpp(64,13): warning C4267: '인수': 'size_t'에서 'Engine::_uint'(으)로 변환하면서 데이터가 손실될 수 있습니다.
  Inventory.cpp
  Item.cpp
D:\repos\2024 Jusin\6개월\13일차_모델2 (7)\Client\Private\Item.cpp(81,13): warning C4267: '인수': 'size_t'에서 'Engine::_uint'(으)로 변환하면서 데이터가 손실될 수 있습니다.
D:\repos\2024 Jusin\6개월\13일차_모델2 (7)\Client\Private\Item.cpp(89,13): warning C4267: '인수': 'size_t'에서 'Engine::_uint'(으)로 변환하면서 데이터가 손실될 수 있습니다.
  Level_GamePlay.cpp
  Level_Loading.cpp
  Level_Logo.cpp
  LoadingScreen.cpp
  MainApp.cpp
  Monster.cpp
D:\repos\2024 Jusin\6개월\13일차_모델2 (7)\Client\Private\Monster.cpp(74,71): warning C4267: '인수': 'size_t'에서 'Engine::_uint'(으)로 변환하면서 데이터가 손실될 수 있습니다.
D:\repos\2024 Jusin\6개월\13일차_모델2 (7)\Client\Private\Monster.cpp(76,7): warning C4267: '인수': 'size_t'에서 'Engine::_uint'(으)로 변환하면서 데이터가 손실될 수 있습니다.
D:\repos\2024 Jusin\6개월\13일차_모델2 (7)\Client\Private\Monster.cpp(84,7): warning C4267: '인수': 'size_t'에서 'Engine::_uint'(으)로 변환하면서 데이터가 손실될 수 있습니다.
  Particle_BossScrew.cpp
  Particle_BossScrew_Short.cpp
  컴파일하고 있습니다...
  Particle_Snow.cpp
  Pipe.cpp
  Pistol.cpp
  PistolBulletPack.cpp
  RifleBulletPack.cpp
  Rocket.cpp
  RocketLauncher.cpp
  RocketPack.cpp
  Terrain.cpp
  Thunder.cpp
D:\repos\2024 Jusin\6개월\13일차_모델2 (7)\Client\Private\Thunder.cpp(86,17): warning C4267: '인수': 'size_t'에서 'Engine::_uint'(으)로 변환하면서 데이터가 손실될 수 있습니다.
D:\repos\2024 Jusin\6개월\13일차_모델2 (7)\Client\Private\Thunder.cpp(94,17): warning C4267: '인수': 'size_t'에서 'Engine::_uint'(으)로 변환하면서 데이터가 손실될 수 있습니다.
  TileObject.cpp
D:\repos\2024 Jusin\6개월\13일차_모델2 (7)\Client\Private\TileObject.cpp(71,13): warning C4267: '인수': 'size_t'에서 'Engine::_uint'(으)로 변환하면서 데이터가 손실될 수 있습니다.
D:\repos\2024 Jusin\6개월\13일차_모델2 (7)\Client\Private\TileObject.cpp(75,13): warning C4267: '인수': 'size_t'에서 'Engine::_uint'(으)로 변환하면서 데이터가 손실될 수 있습니다.
D:\repos\2024 Jusin\6개월\13일차_모델2 (7)\Client\Private\TileObject.cpp(81,13): warning C4267: '인수': 'size_t'에서 'Engine::_uint'(으)로 변환하면서 데이터가 손실될 수 있습니다.
  UI_Bullets.cpp
  UI_HealthBar.cpp
  UI_Info.cpp
  UI_InvenSlot.cpp
  UI_Item.cpp
D:\repos\2024 Jusin\6개월\13일차_모델2 (7)\Client\Private\UI_Item.cpp(56,97): warning C4244: '인수': 'Engine::_float'에서 'int'(으)로 변환하면서 데이터가 손실될 수 있습니다.
D:\repos\2024 Jusin\6개월\13일차_모델2 (7)\Client\Private\UI_Item.cpp(56,73): warning C4244: '인수': 'Engine::_float'에서 'int'(으)로 변환하면서 데이터가 손실될 수 있습니다.
D:\repos\2024 Jusin\6개월\13일차_모델2 (7)\Client\Private\UI_Item.cpp(56,49): warning C4244: '인수': 'Engine::_float'에서 'int'(으)로 변환하면서 데이터가 손실될 수 있습니다.
D:\repos\2024 Jusin\6개월\13일차_모델2 (7)\Client\Private\UI_Item.cpp(56,25): warning C4244: '인수': 'Engine::_float'에서 'int'(으)로 변환하면서 데이터가 손실될 수 있습니다.
  UnitObject.cpp
D:\repos\2024 Jusin\6개월\13일차_모델2 (7)\Client\Private\UnitObject.cpp(179,71): warning C4267: '인수': 'size_t'에서 'Engine::_uint'(으)로 변환하면서 데이터가 손실될 수 있습니다.
D:\repos\2024 Jusin\6개월\13일차_모델2 (7)\Client\Private\UnitObject.cpp(181,7): warning C4267: '인수': 'size_t'에서 'Engine::_uint'(으)로 변환하면서 데이터가 손실될 수 있습니다.
D:\repos\2024 Jusin\6개월\13일차_모델2 (7)\Client\Private\UnitObject.cpp(184,7): warning C4267: '인수': 'size_t'에서 'Engine::_uint'(으)로 변환하면서 데이터가 손실될 수 있습니다.
D:\repos\2024 Jusin\6개월\13일차_모델2 (7)\Client\Private\UnitObject.cpp(197,7): warning C4267: '인수': 'size_t'에서 'Engine::_uint'(으)로 변환하면서 데이터가 손실될 수 있습니다.
D:\repos\2024 Jusin\6개월\13일차_모델2 (7)\Client\Private\UnitObject.cpp(392,26): warning C4311: '형식 캐스트': 'Engine::CCollider *'에서 'Engine::_uint'(으)로 포인터가 잘립니다.
D:\repos\2024 Jusin\6개월\13일차_모델2 (7)\Client\Private\UnitObject.cpp(392,26): warning C4302: '형식 캐스트': 'Engine::CCollider *'에서 'Engine::_uint'(으)로 잘립니다.
D:\repos\2024 Jusin\6개월\13일차_모델2 (7)\Client\Private\UnitObject.cpp(392,63): warning C4311: '형식 캐스트': 'Engine::CCollider *'에서 'Engine::_uint'(으)로 포인터가 잘립니다.
D:\repos\2024 Jusin\6개월\13일차_모델2 (7)\Client\Private\UnitObject.cpp(392,63): warning C4302: '형식 캐스트': 'Engine::CCollider *'에서 'Engine::_uint'(으)로 잘립니다.
  Weapon.cpp
D:\repos\2024 Jusin\6개월\13일차_모델2 (7)\Client\Private\Weapon.cpp(88,13): warning C4267: '인수': 'size_t'에서 'Engine::_uint'(으)로 변환하면서 데이터가 손실될 수 있습니다.
D:\repos\2024 Jusin\6개월\13일차_모델2 (7)\Client\Private\Weapon.cpp(92,13): warning C4267: '인수': 'size_t'에서 'Engine::_uint'(으)로 변환하면서 데이터가 손실될 수 있습니다.
  Effect_EnemyGunFire.cpp
  BackGround.cpp
  컴파일하고 있습니다...
  FreeCamera.cpp
  Loader.cpp
  Client.cpp
  코드를 생성하고 있습니다.
  0 of 2314 functions ( 0.0%) were compiled, the rest were copied from previous compilation.
    0 functions were new in current compilation
    0 functions had inline decision re-evaluated but remain unchanged
  코드를 생성했습니다.
  Client.vcxproj -> D:\repos\2024 Jusin\6개월\13일차_모델2 (7)\Client\Bin\Client.exe
