d:\repos\2024 jusin\6개월\13일차_모델2 (7)\engine\default\x64\release\vc143.pdb
d:\repos\2024 jusin\6개월\13일차_모델2 (7)\engine\default\x64\release\engine_struct.obj
d:\repos\2024 jusin\6개월\13일차_모델2 (7)\engine\default\x64\release\debugdraw.obj
d:\repos\2024 jusin\6개월\13일차_모델2 (7)\engine\default\x64\release\vibuffer_point_invenslot.obj
d:\repos\2024 jusin\6개월\13일차_모델2 (7)\engine\default\x64\release\customfont.obj
d:\repos\2024 jusin\6개월\13일차_모델2 (7)\engine\default\x64\release\containobject.obj
d:\repos\2024 jusin\6개월\13일차_모델2 (7)\engine\default\x64\release\component_manager.obj
d:\repos\2024 jusin\6개월\13일차_모델2 (7)\engine\default\x64\release\component.obj
d:\repos\2024 jusin\6개월\13일차_모델2 (7)\engine\default\x64\release\collider_manager.obj
d:\repos\2024 jusin\6개월\13일차_모델2 (7)\engine\default\x64\release\collider.obj
d:\repos\2024 jusin\6개월\13일차_모델2 (7)\engine\default\x64\release\channel.obj
d:\repos\2024 jusin\6개월\13일차_모델2 (7)\engine\default\x64\release\cell.obj
d:\repos\2024 jusin\6개월\13일차_모델2 (7)\engine\default\x64\release\camera.obj
d:\repos\2024 jusin\6개월\13일차_모델2 (7)\engine\default\x64\release\bounding_sphere.obj
d:\repos\2024 jusin\6개월\13일차_모델2 (7)\engine\default\x64\release\bounding_obb.obj
d:\repos\2024 jusin\6개월\13일차_모델2 (7)\engine\default\x64\release\bounding_aabb.obj
d:\repos\2024 jusin\6개월\13일차_모델2 (7)\engine\default\x64\release\bounding.obj
d:\repos\2024 jusin\6개월\13일차_모델2 (7)\engine\default\x64\release\bone.obj
d:\repos\2024 jusin\6개월\13일차_모델2 (7)\engine\default\x64\release\blendobject.obj
d:\repos\2024 jusin\6개월\13일차_모델2 (7)\engine\default\x64\release\base.obj
d:\repos\2024 jusin\6개월\13일차_모델2 (7)\engine\default\x64\release\animation.obj
d:\repos\2024 jusin\6개월\13일차_모델2 (7)\engine\default\x64\release\pixel_picking.obj
d:\repos\2024 jusin\6개월\13일차_모델2 (7)\engine\default\x64\release\pipeline.obj
d:\repos\2024 jusin\6개월\13일차_모델2 (7)\engine\default\x64\release\physics.obj
d:\repos\2024 jusin\6개월\13일차_모델2 (7)\engine\default\x64\release\partobject.obj
d:\repos\2024 jusin\6개월\13일차_모델2 (7)\engine\default\x64\release\octree.obj
d:\repos\2024 jusin\6개월\13일차_모델2 (7)\engine\default\x64\release\object_manager.obj
d:\repos\2024 jusin\6개월\13일차_모델2 (7)\engine\default\x64\release\navigation.obj
d:\repos\2024 jusin\6개월\13일차_모델2 (7)\engine\default\x64\release\model.obj
d:\repos\2024 jusin\6개월\13일차_모델2 (7)\engine\default\x64\release\mesh.obj
d:\repos\2024 jusin\6개월\13일차_모델2 (7)\engine\default\x64\release\light_manager.obj
d:\repos\2024 jusin\6개월\13일차_모델2 (7)\engine\default\x64\release\light.obj
d:\repos\2024 jusin\6개월\13일차_모델2 (7)\engine\default\x64\release\level_manager.obj
d:\repos\2024 jusin\6개월\13일차_모델2 (7)\engine\default\x64\release\level.obj
d:\repos\2024 jusin\6개월\13일차_모델2 (7)\engine\default\x64\release\layer.obj
d:\repos\2024 jusin\6개월\13일차_모델2 (7)\engine\default\x64\release\input_device.obj
d:\repos\2024 jusin\6개월\13일차_모델2 (7)\engine\default\x64\release\graphic_device.obj
d:\repos\2024 jusin\6개월\13일차_모델2 (7)\engine\default\x64\release\gameobject.obj
d:\repos\2024 jusin\6개월\13일차_모델2 (7)\engine\default\x64\release\gameinstance.obj
d:\repos\2024 jusin\6개월\13일차_모델2 (7)\engine\default\x64\release\frustum.obj
d:\repos\2024 jusin\6개월\13일차_모델2 (7)\engine\default\x64\release\font_manager.obj
d:\repos\2024 jusin\6개월\13일차_모델2 (7)\engine\default\x64\release\vibuffer_rect.obj
d:\repos\2024 jusin\6개월\13일차_모델2 (7)\engine\default\x64\release\vibuffer_point_screw_short.obj
d:\repos\2024 jusin\6개월\13일차_모델2 (7)\engine\default\x64\release\vibuffer_point_screw.obj
d:\repos\2024 jusin\6개월\13일차_모델2 (7)\engine\default\x64\release\vibuffer_point_instance.obj
d:\repos\2024 jusin\6개월\13일차_모델2 (7)\engine\default\x64\release\vibuffer_mesh_instance.obj
d:\repos\2024 jusin\6개월\13일차_모델2 (7)\engine\default\x64\release\vibuffer_instancing.obj
d:\repos\2024 jusin\6개월\13일차_모델2 (7)\engine\default\x64\release\vibuffer_cube.obj
d:\repos\2024 jusin\6개월\13일차_모델2 (7)\engine\default\x64\release\vibuffer_cell.obj
d:\repos\2024 jusin\6개월\13일차_모델2 (7)\engine\default\x64\release\vibuffer.obj
d:\repos\2024 jusin\6개월\13일차_모델2 (7)\engine\default\x64\release\uiobject.obj
d:\repos\2024 jusin\6개월\13일차_모델2 (7)\engine\default\x64\release\transform.obj
d:\repos\2024 jusin\6개월\13일차_모델2 (7)\engine\default\x64\release\timer_manager.obj
d:\repos\2024 jusin\6개월\13일차_모델2 (7)\engine\default\x64\release\timer.obj
d:\repos\2024 jusin\6개월\13일차_모델2 (7)\engine\default\x64\release\texture.obj
d:\repos\2024 jusin\6개월\13일차_모델2 (7)\engine\default\x64\release\textobject.obj
d:\repos\2024 jusin\6개월\13일차_모델2 (7)\engine\default\x64\release\target_manager.obj
d:\repos\2024 jusin\6개월\13일차_모델2 (7)\engine\default\x64\release\shader.obj
d:\repos\2024 jusin\6개월\13일차_모델2 (7)\engine\default\x64\release\rendertarget.obj
d:\repos\2024 jusin\6개월\13일차_모델2 (7)\engine\default\x64\release\renderer.obj
d:\repos\2024 jusin\6개월\13일차_모델2 (7)\engine\default\x64\release\raycaster.obj
d:\repos\2024 jusin\6개월\13일차_모델2 (7)\engine\default\x64\release\vibuffer_terrain.obj
d:\repos\2024 jusin\6개월\13일차_모델2 (7)\engine\default\x64\release\vibuffer_rect_instance.obj
d:\repos\2024 jusin\6개월\13일차_모델2 (7)\engine\bin\shader_cell.cso
d:\repos\2024 jusin\6개월\13일차_모델2 (7)\engine\bin\shader_deferred.cso
d:\repos\2024 jusin\6개월\13일차_모델2 (7)\engine\bin\engine.dll
d:\repos\2024 jusin\6개월\13일차_모델2 (7)\engine\bin\engine.pdb
d:\repos\2024 jusin\6개월\13일차_모델2 (7)\engine\bin\engine.lib
d:\repos\2024 jusin\6개월\13일차_모델2 (7)\engine\bin\engine.exp
d:\repos\2024 jusin\6개월\13일차_모델2 (7)\engine\default\x64\release\engine.ipdb
d:\repos\2024 jusin\6개월\13일차_모델2 (7)\engine\default\x64\release\engine.iobj
d:\repos\2024 jusin\6개월\13일차_모델2 (7)\engine\default\x64\release\engine.tlog\cl.command.1.tlog
d:\repos\2024 jusin\6개월\13일차_모델2 (7)\engine\default\x64\release\engine.tlog\cl.items.tlog
d:\repos\2024 jusin\6개월\13일차_모델2 (7)\engine\default\x64\release\engine.tlog\cl.read.1.tlog
d:\repos\2024 jusin\6개월\13일차_모델2 (7)\engine\default\x64\release\engine.tlog\cl.write.1.tlog
d:\repos\2024 jusin\6개월\13일차_모델2 (7)\engine\default\x64\release\engine.tlog\fxc.command.1.tlog
d:\repos\2024 jusin\6개월\13일차_모델2 (7)\engine\default\x64\release\engine.tlog\fxc.read.1.tlog
d:\repos\2024 jusin\6개월\13일차_모델2 (7)\engine\default\x64\release\engine.tlog\fxc.write.1.tlog
d:\repos\2024 jusin\6개월\13일차_모델2 (7)\engine\default\x64\release\engine.tlog\link.command.1.tlog
d:\repos\2024 jusin\6개월\13일차_모델2 (7)\engine\default\x64\release\engine.tlog\link.read.1.tlog
d:\repos\2024 jusin\6개월\13일차_모델2 (7)\engine\default\x64\release\engine.tlog\link.secondary.1.tlog
d:\repos\2024 jusin\6개월\13일차_모델2 (7)\engine\default\x64\release\engine.tlog\link.write.1.tlog
