d:\repos\2024 jusin\6개월\13일차_모델2 (7)\client\default\x64\debug\client.pch
d:\repos\2024 jusin\6개월\13일차_모델2 (7)\client\default\x64\debug\vc143.pdb
d:\repos\2024 jusin\6개월\13일차_모델2 (7)\client\default\x64\debug\vc143.idb
d:\repos\2024 jusin\6개월\13일차_모델2 (7)\client\default\x64\debug\stdafx.obj
d:\repos\2024 jusin\6개월\13일차_모델2 (7)\client\default\x64\debug\effect_bulletcrater.obj
d:\repos\2024 jusin\6개월\13일차_모델2 (7)\client\default\x64\debug\effect_bombblow.obj
d:\repos\2024 jusin\6개월\13일차_모델2 (7)\client\default\x64\debug\effect_bloodhit.obj
d:\repos\2024 jusin\6개월\13일차_모델2 (7)\client\default\x64\debug\effect_blast.obj
d:\repos\2024 jusin\6개월\13일차_모델2 (7)\client\default\x64\debug\door.obj
d:\repos\2024 jusin\6개월\13일차_모델2 (7)\client\default\x64\debug\defaultmutant.obj
d:\repos\2024 jusin\6개월\13일차_모델2 (7)\client\default\x64\debug\cyborgenforcer.obj
d:\repos\2024 jusin\6개월\13일차_모델2 (7)\client\default\x64\debug\cyborgelite.obj
d:\repos\2024 jusin\6개월\13일차_모델2 (7)\client\default\x64\debug\cyborgassassin.obj
d:\repos\2024 jusin\6개월\13일차_모델2 (7)\client\default\x64\debug\cortexreaver.obj
d:\repos\2024 jusin\6개월\13일차_모델2 (7)\client\default\x64\debug\card.obj
d:\repos\2024 jusin\6개월\13일차_모델2 (7)\client\default\x64\debug\button.obj
d:\repos\2024 jusin\6개월\13일차_모델2 (7)\client\default\x64\debug\bullet.obj
d:\repos\2024 jusin\6개월\13일차_모델2 (7)\client\default\x64\debug\ammunition.obj
d:\repos\2024 jusin\6개월\13일차_모델2 (7)\client\default\x64\debug\body_player.obj
d:\repos\2024 jusin\6개월\13일차_모델2 (7)\client\default\x64\debug\background.obj
d:\repos\2024 jusin\6개월\13일차_모델2 (7)\client\default\x64\debug\assaultrifle.obj
d:\repos\2024 jusin\6개월\13일차_모델2 (7)\client\default\x64\debug\animationtext.obj
d:\repos\2024 jusin\6개월\13일차_모델2 (7)\client\default\x64\debug\ammunitionpack.obj
d:\repos\2024 jusin\6개월\13일차_모델2 (7)\client\default\x64\debug\alarmlight.obj
d:\repos\2024 jusin\6개월\13일차_모델2 (7)\client\default\x64\debug\mainapp.obj
d:\repos\2024 jusin\6개월\13일차_모델2 (7)\client\default\x64\debug\loader.obj
d:\repos\2024 jusin\6개월\13일차_모델2 (7)\client\default\x64\debug\level_logo.obj
d:\repos\2024 jusin\6개월\13일차_모델2 (7)\client\default\x64\debug\level_loading.obj
d:\repos\2024 jusin\6개월\13일차_모델2 (7)\client\default\x64\debug\level_gameplay.obj
d:\repos\2024 jusin\6개월\13일차_모델2 (7)\client\default\x64\debug\item.obj
d:\repos\2024 jusin\6개월\13일차_모델2 (7)\client\default\x64\debug\inventory.obj
d:\repos\2024 jusin\6개월\13일차_모델2 (7)\client\default\x64\debug\interactives.obj
d:\repos\2024 jusin\6개월\13일차_모델2 (7)\client\default\x64\debug\grenade.obj
d:\repos\2024 jusin\6개월\13일차_모델2 (7)\client\default\x64\debug\freecamera.obj
d:\repos\2024 jusin\6개월\13일차_모델2 (7)\client\default\x64\debug\fps_arm.obj
d:\repos\2024 jusin\6개월\13일차_모델2 (7)\client\default\x64\debug\fpsplayer.obj
d:\repos\2024 jusin\6개월\13일차_모델2 (7)\client\default\x64\debug\fpscamera.obj
d:\repos\2024 jusin\6개월\13일차_모델2 (7)\client\default\x64\debug\fireball.obj
d:\repos\2024 jusin\6개월\13일차_모델2 (7)\client\default\x64\debug\elevatorui.obj
d:\repos\2024 jusin\6개월\13일차_모델2 (7)\client\default\x64\debug\elevator.obj
d:\repos\2024 jusin\6개월\13일차_모델2 (7)\client\default\x64\debug\effect_muzzle_flame.obj
d:\repos\2024 jusin\6개월\13일차_모델2 (7)\client\default\x64\debug\effect_muzzle.obj
d:\repos\2024 jusin\6개월\13일차_모델2 (7)\client\default\x64\debug\effect_gunfire.obj
d:\repos\2024 jusin\6개월\13일차_모델2 (7)\client\default\x64\debug\effect_bullethit.obj
d:\repos\2024 jusin\6개월\13일차_모델2 (7)\client\default\x64\debug\ui_bullets.obj
d:\repos\2024 jusin\6개월\13일차_모델2 (7)\client\default\x64\debug\tileobject.obj
d:\repos\2024 jusin\6개월\13일차_모델2 (7)\client\default\x64\debug\tilemanager.obj
d:\repos\2024 jusin\6개월\13일차_모델2 (7)\client\default\x64\debug\thunder.obj
d:\repos\2024 jusin\6개월\13일차_모델2 (7)\client\default\x64\debug\terrain.obj
d:\repos\2024 jusin\6개월\13일차_모델2 (7)\client\default\x64\debug\sword.obj
d:\repos\2024 jusin\6개월\13일차_모델2 (7)\client\default\x64\debug\soundmgr.obj
d:\repos\2024 jusin\6개월\13일차_모델2 (7)\client\default\x64\debug\rocketpack.obj
d:\repos\2024 jusin\6개월\13일차_모델2 (7)\client\default\x64\debug\rocketlauncher.obj
d:\repos\2024 jusin\6개월\13일차_모델2 (7)\client\default\x64\debug\rocket.obj
d:\repos\2024 jusin\6개월\13일차_모델2 (7)\client\default\x64\debug\riflebulletpack.obj
d:\repos\2024 jusin\6개월\13일차_모델2 (7)\client\default\x64\debug\respawnchamber.obj
d:\repos\2024 jusin\6개월\13일차_모델2 (7)\client\default\x64\debug\player.obj
d:\repos\2024 jusin\6개월\13일차_모델2 (7)\client\default\x64\debug\pistolbulletpack.obj
d:\repos\2024 jusin\6개월\13일차_모델2 (7)\client\default\x64\debug\pistol.obj
d:\repos\2024 jusin\6개월\13일차_모델2 (7)\client\default\x64\debug\pipe.obj
d:\repos\2024 jusin\6개월\13일차_모델2 (7)\client\default\x64\debug\particle_snow.obj
d:\repos\2024 jusin\6개월\13일차_모델2 (7)\client\default\x64\debug\particle_bossscrew_short.obj
d:\repos\2024 jusin\6개월\13일차_모델2 (7)\client\default\x64\debug\particle_bossscrew.obj
d:\repos\2024 jusin\6개월\13일차_모델2 (7)\client\default\x64\debug\monster.obj
d:\repos\2024 jusin\6개월\13일차_모델2 (7)\client\default\x64\debug\client.obj
d:\repos\2024 jusin\6개월\13일차_모델2 (7)\client\default\x64\debug\effect_enemygunfire.obj
d:\repos\2024 jusin\6개월\13일차_모델2 (7)\client\default\x64\debug\weapon.obj
d:\repos\2024 jusin\6개월\13일차_모델2 (7)\client\default\x64\debug\unitobject.obj
d:\repos\2024 jusin\6개월\13일차_모델2 (7)\client\default\x64\debug\ui_item.obj
d:\repos\2024 jusin\6개월\13일차_모델2 (7)\client\default\x64\debug\ui_invenslot.obj
d:\repos\2024 jusin\6개월\13일차_모델2 (7)\client\default\x64\debug\ui_info.obj
d:\repos\2024 jusin\6개월\13일차_모델2 (7)\client\default\x64\debug\ui_healthbar.obj
d:\repos\2024 jusin\6개월\13일차_모델2 (7)\client\default\x64\debug\ui_crosshair.obj
d:\repos\2024 jusin\6개월\13일차_모델2 (7)\client\bin\shader_vtxanimmodel.cso
d:\repos\2024 jusin\6개월\13일차_모델2 (7)\client\bin\shader_vtxmeshinstance.cso
d:\repos\2024 jusin\6개월\13일차_모델2 (7)\client\bin\shader_vtxmodel.cso
d:\repos\2024 jusin\6개월\13일차_모델2 (7)\client\bin\shader_vtxnortex.cso
d:\repos\2024 jusin\6개월\13일차_모델2 (7)\client\bin\shader_vtxpointinstance.cso
d:\repos\2024 jusin\6개월\13일차_모델2 (7)\client\bin\shader_vtxposnortex.cso
d:\repos\2024 jusin\6개월\13일차_모델2 (7)\client\bin\shader_vtxpostex.cso
d:\repos\2024 jusin\6개월\13일차_모델2 (7)\client\bin\shader_vtxrectinstance.cso
d:\repos\2024 jusin\6개월\13일차_모델2 (7)\client\bin\client.exe
d:\repos\2024 jusin\6개월\13일차_모델2 (7)\client\bin\client.pdb
d:\repos\2024 jusin\6개월\13일차_모델2 (7)\client\default\x64\debug\client.res
d:\repos\2024 jusin\6개월\13일차_모델2 (7)\client\default\x64\debug\client.ilk
d:\repos\2024 jusin\6개월\13일차_모델2 (7)\client\default\x64\debug\client.tlog\cl.command.1.tlog
d:\repos\2024 jusin\6개월\13일차_모델2 (7)\client\default\x64\debug\client.tlog\cl.items.tlog
d:\repos\2024 jusin\6개월\13일차_모델2 (7)\client\default\x64\debug\client.tlog\cl.read.1.tlog
d:\repos\2024 jusin\6개월\13일차_모델2 (7)\client\default\x64\debug\client.tlog\cl.write.1.tlog
d:\repos\2024 jusin\6개월\13일차_모델2 (7)\client\default\x64\debug\client.tlog\fxc.command.1.tlog
d:\repos\2024 jusin\6개월\13일차_모델2 (7)\client\default\x64\debug\client.tlog\fxc.read.1.tlog
d:\repos\2024 jusin\6개월\13일차_모델2 (7)\client\default\x64\debug\client.tlog\fxc.write.1.tlog
d:\repos\2024 jusin\6개월\13일차_모델2 (7)\client\default\x64\debug\client.tlog\link.command.1.tlog
d:\repos\2024 jusin\6개월\13일차_모델2 (7)\client\default\x64\debug\client.tlog\link.read.1.tlog
d:\repos\2024 jusin\6개월\13일차_모델2 (7)\client\default\x64\debug\client.tlog\link.secondary.1.tlog
d:\repos\2024 jusin\6개월\13일차_모델2 (7)\client\default\x64\debug\client.tlog\link.write.1.tlog
d:\repos\2024 jusin\6개월\13일차_모델2 (7)\client\default\x64\debug\client.tlog\rc.command.1.tlog
d:\repos\2024 jusin\6개월\13일차_모델2 (7)\client\default\x64\debug\client.tlog\rc.read.1.tlog
d:\repos\2024 jusin\6개월\13일차_모델2 (7)\client\default\x64\debug\client.tlog\rc.write.1.tlog
