d:\repos\2024 jusin\6개월\13일차_모델2 (7)\engine\default\x64\debug\vc143.pdb
d:\repos\2024 jusin\6개월\13일차_모델2 (7)\engine\default\x64\debug\vc143.idb
d:\repos\2024 jusin\6개월\13일차_모델2 (7)\engine\default\x64\debug\engine_struct.obj
d:\repos\2024 jusin\6개월\13일차_모델2 (7)\engine\default\x64\debug\debugdraw.obj
d:\repos\2024 jusin\6개월\13일차_모델2 (7)\engine\default\x64\debug\vibuffer_point_invenslot.obj
d:\repos\2024 jusin\6개월\13일차_모델2 (7)\engine\default\x64\debug\customfont.obj
d:\repos\2024 jusin\6개월\13일차_모델2 (7)\engine\default\x64\debug\containobject.obj
d:\repos\2024 jusin\6개월\13일차_모델2 (7)\engine\default\x64\debug\component_manager.obj
d:\repos\2024 jusin\6개월\13일차_모델2 (7)\engine\default\x64\debug\component.obj
d:\repos\2024 jusin\6개월\13일차_모델2 (7)\engine\default\x64\debug\collider_manager.obj
d:\repos\2024 jusin\6개월\13일차_모델2 (7)\engine\default\x64\debug\collider.obj
d:\repos\2024 jusin\6개월\13일차_모델2 (7)\engine\default\x64\debug\channel.obj
d:\repos\2024 jusin\6개월\13일차_모델2 (7)\engine\default\x64\debug\cell.obj
d:\repos\2024 jusin\6개월\13일차_모델2 (7)\engine\default\x64\debug\camera.obj
d:\repos\2024 jusin\6개월\13일차_모델2 (7)\engine\default\x64\debug\bounding_sphere.obj
d:\repos\2024 jusin\6개월\13일차_모델2 (7)\engine\default\x64\debug\bounding_obb.obj
d:\repos\2024 jusin\6개월\13일차_모델2 (7)\engine\default\x64\debug\bounding_aabb.obj
d:\repos\2024 jusin\6개월\13일차_모델2 (7)\engine\default\x64\debug\bounding.obj
d:\repos\2024 jusin\6개월\13일차_모델2 (7)\engine\default\x64\debug\bone.obj
d:\repos\2024 jusin\6개월\13일차_모델2 (7)\engine\default\x64\debug\blendobject.obj
d:\repos\2024 jusin\6개월\13일차_모델2 (7)\engine\default\x64\debug\base.obj
d:\repos\2024 jusin\6개월\13일차_모델2 (7)\engine\default\x64\debug\animation.obj
d:\repos\2024 jusin\6개월\13일차_모델2 (7)\engine\default\x64\debug\pixel_picking.obj
d:\repos\2024 jusin\6개월\13일차_모델2 (7)\engine\default\x64\debug\pipeline.obj
d:\repos\2024 jusin\6개월\13일차_모델2 (7)\engine\default\x64\debug\physics.obj
d:\repos\2024 jusin\6개월\13일차_모델2 (7)\engine\default\x64\debug\partobject.obj
d:\repos\2024 jusin\6개월\13일차_모델2 (7)\engine\default\x64\debug\octree.obj
d:\repos\2024 jusin\6개월\13일차_모델2 (7)\engine\default\x64\debug\object_manager.obj
d:\repos\2024 jusin\6개월\13일차_모델2 (7)\engine\default\x64\debug\navigation.obj
d:\repos\2024 jusin\6개월\13일차_모델2 (7)\engine\default\x64\debug\model.obj
d:\repos\2024 jusin\6개월\13일차_모델2 (7)\engine\default\x64\debug\mesh.obj
d:\repos\2024 jusin\6개월\13일차_모델2 (7)\engine\default\x64\debug\light_manager.obj
d:\repos\2024 jusin\6개월\13일차_모델2 (7)\engine\default\x64\debug\light.obj
d:\repos\2024 jusin\6개월\13일차_모델2 (7)\engine\default\x64\debug\level_manager.obj
d:\repos\2024 jusin\6개월\13일차_모델2 (7)\engine\default\x64\debug\level.obj
d:\repos\2024 jusin\6개월\13일차_모델2 (7)\engine\default\x64\debug\layer.obj
d:\repos\2024 jusin\6개월\13일차_모델2 (7)\engine\default\x64\debug\input_device.obj
d:\repos\2024 jusin\6개월\13일차_모델2 (7)\engine\default\x64\debug\graphic_device.obj
d:\repos\2024 jusin\6개월\13일차_모델2 (7)\engine\default\x64\debug\gameobject.obj
d:\repos\2024 jusin\6개월\13일차_모델2 (7)\engine\default\x64\debug\gameinstance.obj
d:\repos\2024 jusin\6개월\13일차_모델2 (7)\engine\default\x64\debug\frustum.obj
d:\repos\2024 jusin\6개월\13일차_모델2 (7)\engine\default\x64\debug\font_manager.obj
d:\repos\2024 jusin\6개월\13일차_모델2 (7)\engine\default\x64\debug\vibuffer_rect.obj
d:\repos\2024 jusin\6개월\13일차_모델2 (7)\engine\default\x64\debug\vibuffer_point_screw_short.obj
d:\repos\2024 jusin\6개월\13일차_모델2 (7)\engine\default\x64\debug\vibuffer_point_screw.obj
d:\repos\2024 jusin\6개월\13일차_모델2 (7)\engine\default\x64\debug\vibuffer_point_instance.obj
d:\repos\2024 jusin\6개월\13일차_모델2 (7)\engine\default\x64\debug\vibuffer_mesh_instance.obj
d:\repos\2024 jusin\6개월\13일차_모델2 (7)\engine\default\x64\debug\vibuffer_instancing.obj
d:\repos\2024 jusin\6개월\13일차_모델2 (7)\engine\default\x64\debug\vibuffer_cube.obj
d:\repos\2024 jusin\6개월\13일차_모델2 (7)\engine\default\x64\debug\vibuffer_cell.obj
d:\repos\2024 jusin\6개월\13일차_모델2 (7)\engine\default\x64\debug\vibuffer.obj
d:\repos\2024 jusin\6개월\13일차_모델2 (7)\engine\default\x64\debug\uiobject.obj
d:\repos\2024 jusin\6개월\13일차_모델2 (7)\engine\default\x64\debug\transform.obj
d:\repos\2024 jusin\6개월\13일차_모델2 (7)\engine\default\x64\debug\timer_manager.obj
d:\repos\2024 jusin\6개월\13일차_모델2 (7)\engine\default\x64\debug\timer.obj
d:\repos\2024 jusin\6개월\13일차_모델2 (7)\engine\default\x64\debug\texture.obj
d:\repos\2024 jusin\6개월\13일차_모델2 (7)\engine\default\x64\debug\textobject.obj
d:\repos\2024 jusin\6개월\13일차_모델2 (7)\engine\default\x64\debug\target_manager.obj
d:\repos\2024 jusin\6개월\13일차_모델2 (7)\engine\default\x64\debug\shader.obj
d:\repos\2024 jusin\6개월\13일차_모델2 (7)\engine\default\x64\debug\rendertarget.obj
d:\repos\2024 jusin\6개월\13일차_모델2 (7)\engine\default\x64\debug\renderer.obj
d:\repos\2024 jusin\6개월\13일차_모델2 (7)\engine\default\x64\debug\raycaster.obj
d:\repos\2024 jusin\6개월\13일차_모델2 (7)\engine\default\x64\debug\vibuffer_terrain.obj
d:\repos\2024 jusin\6개월\13일차_모델2 (7)\engine\default\x64\debug\vibuffer_rect_instance.obj
d:\repos\2024 jusin\6개월\13일차_모델2 (7)\engine\bin\shader_cell.cso
d:\repos\2024 jusin\6개월\13일차_모델2 (7)\engine\bin\shader_deferred.cso
d:\repos\2024 jusin\6개월\13일차_모델2 (7)\engine\bin\engine.dll
d:\repos\2024 jusin\6개월\13일차_모델2 (7)\engine\bin\engine.pdb
d:\repos\2024 jusin\6개월\13일차_모델2 (7)\engine\bin\engine.lib
d:\repos\2024 jusin\6개월\13일차_모델2 (7)\engine\bin\engine.exp
d:\repos\2024 jusin\6개월\13일차_모델2 (7)\engine\default\x64\debug\engine.ilk
d:\repos\2024 jusin\6개월\13일차_모델2 (7)\engine\default\x64\debug\engine.tlog\cl.command.1.tlog
d:\repos\2024 jusin\6개월\13일차_모델2 (7)\engine\default\x64\debug\engine.tlog\cl.items.tlog
d:\repos\2024 jusin\6개월\13일차_모델2 (7)\engine\default\x64\debug\engine.tlog\cl.read.1.tlog
d:\repos\2024 jusin\6개월\13일차_모델2 (7)\engine\default\x64\debug\engine.tlog\cl.write.1.tlog
d:\repos\2024 jusin\6개월\13일차_모델2 (7)\engine\default\x64\debug\engine.tlog\fxc.command.1.tlog
d:\repos\2024 jusin\6개월\13일차_모델2 (7)\engine\default\x64\debug\engine.tlog\fxc.read.1.tlog
d:\repos\2024 jusin\6개월\13일차_모델2 (7)\engine\default\x64\debug\engine.tlog\fxc.write.1.tlog
d:\repos\2024 jusin\6개월\13일차_모델2 (7)\engine\default\x64\debug\engine.tlog\link.command.1.tlog
d:\repos\2024 jusin\6개월\13일차_모델2 (7)\engine\default\x64\debug\engine.tlog\link.read.1.tlog
d:\repos\2024 jusin\6개월\13일차_모델2 (7)\engine\default\x64\debug\engine.tlog\link.secondary.1.tlog
d:\repos\2024 jusin\6개월\13일차_모델2 (7)\engine\default\x64\debug\engine.tlog\link.write.1.tlog
