d:\repos\2024 jusin\6개월\13일차_모델2 (3)\maptool\x64\debug\vc143.pdb
d:\repos\2024 jusin\6개월\13일차_모델2 (3)\maptool\x64\debug\vc143.idb
d:\repos\2024 jusin\6개월\13일차_모델2 (3)\maptool\x64\debug\tile.obj
d:\repos\2024 jusin\6개월\13일차_모델2 (3)\maptool\x64\debug\mainapp.obj
d:\repos\2024 jusin\6개월\13일차_모델2 (3)\maptool\x64\debug\toolobject.obj
d:\repos\2024 jusin\6개월\13일차_모델2 (3)\maptool\x64\debug\maptool.obj
d:\repos\2024 jusin\6개월\13일차_모델2 (3)\maptool\x64\debug\imgui_widgets.obj
d:\repos\2024 jusin\6개월\13일차_모델2 (3)\maptool\x64\debug\imgui_tables.obj
d:\repos\2024 jusin\6개월\13일차_모델2 (3)\maptool\x64\debug\imgui_impl_win32.obj
d:\repos\2024 jusin\6개월\13일차_모델2 (3)\maptool\x64\debug\imgui_impl_dx11.obj
d:\repos\2024 jusin\6개월\13일차_모델2 (3)\maptool\x64\debug\imgui_draw.obj
d:\repos\2024 jusin\6개월\13일차_모델2 (3)\maptool\x64\debug\imgui_demo.obj
d:\repos\2024 jusin\6개월\13일차_모델2 (3)\maptool\x64\debug\imgui.obj
d:\repos\2024 jusin\6개월\13일차_모델2 (3)\maptool\x64\debug\imguidesign.obj
d:\repos\2024 jusin\6개월\13일차_모델2 (3)\maptool\x64\debug\freecamera.obj
d:\repos\2024 jusin\6개월\13일차_모델2 (3)\maptool\x64\debug\mousehandle.obj
d:\repos\2024 jusin\6개월\13일차_모델2 (3)\maptool\x64\debug\terrain.obj
d:\repos\2024 jusin\6개월\13일차_모델2 (3)\maptool\bin\shader_vtxmodel.cso
d:\repos\2024 jusin\6개월\13일차_모델2 (3)\maptool\bin\shader_vtxnortex.cso
d:\repos\2024 jusin\6개월\13일차_모델2 (3)\maptool\bin\shader_vtxpostex.cso
d:\repos\2024 jusin\6개월\13일차_모델2 (3)\maptool\bin\maptool.exe
d:\repos\2024 jusin\6개월\13일차_모델2 (3)\maptool\bin\maptool.pdb
d:\repos\2024 jusin\6개월\13일차_모델2 (3)\maptool\x64\debug\maptool.res
d:\repos\2024 jusin\6개월\13일차_모델2 (3)\maptool\x64\debug\maptool.ilk
d:\repos\2024 jusin\6개월\13일차_모델2 (3)\maptool\x64\debug\maptool.tlog\cl.command.1.tlog
d:\repos\2024 jusin\6개월\13일차_모델2 (3)\maptool\x64\debug\maptool.tlog\cl.items.tlog
d:\repos\2024 jusin\6개월\13일차_모델2 (3)\maptool\x64\debug\maptool.tlog\cl.read.1.tlog
d:\repos\2024 jusin\6개월\13일차_모델2 (3)\maptool\x64\debug\maptool.tlog\cl.write.1.tlog
d:\repos\2024 jusin\6개월\13일차_모델2 (3)\maptool\x64\debug\maptool.tlog\fxc.command.1.tlog
d:\repos\2024 jusin\6개월\13일차_모델2 (3)\maptool\x64\debug\maptool.tlog\fxc.read.1.tlog
d:\repos\2024 jusin\6개월\13일차_모델2 (3)\maptool\x64\debug\maptool.tlog\fxc.write.1.tlog
d:\repos\2024 jusin\6개월\13일차_모델2 (3)\maptool\x64\debug\maptool.tlog\link.command.1.tlog
d:\repos\2024 jusin\6개월\13일차_모델2 (3)\maptool\x64\debug\maptool.tlog\link.read.1.tlog
d:\repos\2024 jusin\6개월\13일차_모델2 (3)\maptool\x64\debug\maptool.tlog\link.secondary.1.tlog
d:\repos\2024 jusin\6개월\13일차_모델2 (3)\maptool\x64\debug\maptool.tlog\link.write.1.tlog
d:\repos\2024 jusin\6개월\13일차_모델2 (3)\maptool\x64\debug\maptool.tlog\rc.command.1.tlog
d:\repos\2024 jusin\6개월\13일차_모델2 (3)\maptool\x64\debug\maptool.tlog\rc.read.1.tlog
d:\repos\2024 jusin\6개월\13일차_모델2 (3)\maptool\x64\debug\maptool.tlog\rc.write.1.tlog
